2018-01-07 12:32:51,897 INFO Connected to database Taskbot.sqlite3
2018-01-07 12:32:51,898 INFO Table tasks already exists
2018-01-07 12:33:58,240 ERROR Failed to get tasks from database: 'str' object has no attribute 'execute'
2018-01-07 12:34:17,561 ERROR Failed to add task to database: 'str' object has no attribute 'execute'
2018-01-07 12:36:42,491 INFO Connected to database Taskbot.sqlite3
2018-01-07 12:36:42,492 INFO Table tasks already exists
2018-01-07 12:38:22,783 ERROR Failed to add task to database: 'db' object has no attribute 'attributes'
2018-01-07 12:40:38,842 INFO Disconnected from database
2018-01-07 12:40:42,363 INFO Connected to database Taskbot.sqlite3
2018-01-07 12:40:42,363 INFO Table tasks already exists
2018-01-07 12:40:55,477 INFO Connected to database Taskbot.sqlite3
2018-01-07 12:40:55,478 INFO Table tasks already exists
2018-01-07 12:41:33,929 INFO Connected to database Taskbot.sqlite3
2018-01-07 12:41:33,930 INFO Table tasks already exists
2018-01-07 12:42:22,476 INFO Connected to database Taskbot.sqlite3
2018-01-07 12:42:22,476 INFO Table tasks already exists
2018-01-07 12:45:03,437 INFO Connected to database Taskbot.sqlite3
2018-01-07 12:45:03,441 INFO Table tasks already exists
2018-01-07 12:46:21,260 INFO Connected to database Taskbot.sqlite3
2018-01-07 12:46:21,261 INFO Table tasks already exists
2018-01-07 12:46:32,353 INFO Connected to database Taskbot.sqlite3
2018-01-07 12:46:32,354 INFO Table tasks already exists
2018-01-07 12:46:51,017 ERROR Failed to add task to database: 'db' object has no attribute 'self'
2018-01-07 12:50:21,066 INFO Disconnected from database
2018-01-07 12:50:26,402 INFO Connected to database Taskbot.sqlite3
2018-01-07 12:50:26,404 INFO Initialized cursor
2018-01-07 12:50:26,423 INFO Created table tasks
2018-01-07 12:50:34,592 ERROR Failed to add task to database: Error binding parameter 1 - probably unsupported type.
2018-01-07 12:51:36,845 INFO Disconnected from database
2018-01-07 12:51:40,962 INFO Connected to database Taskbot.sqlite3
2018-01-07 12:51:40,963 INFO Initialized cursor
2018-01-07 12:51:40,964 INFO Table tasks already exists
2018-01-07 12:51:51,979 ERROR Failed to add task to database: name 'atr' is not defined
2018-01-07 12:54:24,249 INFO Disconnected from database
2018-01-07 12:54:26,803 INFO Connected to database Taskbot.sqlite3
2018-01-07 12:54:26,803 INFO Initialized cursor
2018-01-07 12:54:26,804 INFO Table tasks already exists
2018-01-07 12:54:38,549 INFO Added task Test for author Rafayel#0501 to database
2018-01-07 12:55:22,077 ERROR Failed to get tasks from database: 'db' object has no attribute 'self'
2018-01-07 12:55:59,895 INFO Disconnected from database
2018-01-07 12:56:04,371 INFO Connected to database Taskbot.sqlite3
2018-01-07 12:56:04,371 INFO Initialized cursor
2018-01-07 12:56:04,372 INFO Table tasks already exists
2018-01-07 12:56:13,295 ERROR Failed to get tasks from database: no such column: task
2018-01-07 12:57:20,548 INFO Disconnected from database
2018-01-07 12:57:41,934 INFO Connected to database Taskbot.sqlite3
2018-01-07 12:57:41,934 INFO Initialized cursor
2018-01-07 12:57:41,935 INFO Table tasks already exists
2018-01-07 12:57:47,524 ERROR Failed to get tasks from database: no tables specified
2018-01-07 13:00:06,830 INFO Disconnected from database
2018-01-07 13:00:07,501 INFO Connected to database Taskbot.sqlite3
2018-01-07 13:00:07,501 INFO Initialized cursor
2018-01-07 13:00:07,501 INFO Table tasks already exists
2018-01-07 13:00:19,260 ERROR Failed to get tasks from database: Incorrect number of bindings supplied. The current statement uses 1, and there are 12 supplied.
2018-01-07 13:05:08,090 INFO Connected to database Taskbot.sqlite3
2018-01-07 13:05:08,091 INFO Initialized cursor
2018-01-07 13:05:08,092 INFO Table tasks already exists
2018-01-07 13:06:37,735 ERROR Failed to get tasks from database: Incorrect number of bindings supplied. The current statement uses 1, and there are 12 supplied.
2018-01-07 13:08:56,130 INFO Disconnected from database
2018-01-07 13:09:00,192 INFO Connected to database Taskbot.sqlite3
2018-01-07 13:09:00,192 INFO Initialized cursor
2018-01-07 13:09:00,193 INFO Table tasks already exists
2018-01-07 13:14:09,761 INFO Disconnected from database
2018-01-07 13:14:27,856 INFO Connected to database Taskbot.sqlite3
2018-01-07 13:14:27,856 INFO Initialized cursor
2018-01-07 13:14:27,862 INFO Table tasks already exists
2018-01-07 18:37:03,223 INFO Connected to database Taskbot.sqlite3
2018-01-07 18:37:03,224 INFO Initialized cursor
2018-01-07 18:37:03,225 INFO Table tasks already exists
2018-01-07 18:38:05,252 INFO Disconnected from database
2018-01-07 18:38:08,244 INFO Connected to database Taskbot.sqlite3
2018-01-07 18:38:08,244 INFO Initialized cursor
2018-01-07 18:38:08,245 INFO Table tasks already exists
2018-01-07 18:39:01,969 INFO Disconnected from database
2018-01-07 18:39:04,739 INFO Connected to database Taskbot.sqlite3
2018-01-07 18:39:04,739 INFO Initialized cursor
2018-01-07 18:39:04,740 INFO Table tasks already exists
2018-01-07 18:39:27,755 INFO Disconnected from database
2018-01-07 18:39:30,991 INFO Connected to database Taskbot.sqlite3
2018-01-07 18:39:30,991 INFO Initialized cursor
2018-01-07 18:39:30,992 INFO Table tasks already exists
2018-01-07 18:40:14,952 INFO Disconnected from database
2018-01-07 18:40:18,258 INFO Connected to database Taskbot.sqlite3
2018-01-07 18:40:18,258 INFO Initialized cursor
2018-01-07 18:40:18,260 INFO Table tasks already exists
2018-01-07 18:40:44,003 INFO Disconnected from database
2018-01-07 18:41:11,773 INFO Connected to database Taskbot.sqlite3
2018-01-07 18:41:11,774 INFO Initialized cursor
2018-01-07 18:41:11,775 INFO Table tasks already exists
2018-01-07 18:42:30,255 INFO Disconnected from database
2018-01-07 18:42:32,913 INFO Connected to database Taskbot.sqlite3
2018-01-07 18:42:32,914 INFO Initialized cursor
2018-01-07 18:42:32,915 INFO Table tasks already exists
2018-01-07 18:45:12,354 INFO Connected to database Taskbot.sqlite3
2018-01-07 18:45:12,354 INFO Initialized cursor
2018-01-07 18:45:12,355 INFO Table tasks already exists
2018-01-07 18:45:21,696 INFO Got tasks for author Rafayel#0501 from database
2018-01-07 18:45:53,850 INFO Got tasks for author Rafayel#0501 from database
2018-01-07 18:47:19,080 INFO Connected to database Taskbot.sqlite3
2018-01-07 18:47:19,080 INFO Initialized cursor
2018-01-07 18:47:19,081 INFO Table tasks already exists
2018-01-07 18:47:29,971 INFO Added task Test3 for author Rafayel#0501 to database
2018-01-07 18:47:35,695 INFO Added task test4 for author Rafayel#0501 to database
2018-01-07 18:47:40,220 INFO Got tasks for author Rafayel#0501 from database
2018-01-07 18:48:37,396 INFO Connected to database Taskbot.sqlite3
2018-01-07 18:48:37,396 INFO Initialized cursor
2018-01-07 18:48:37,397 INFO Table tasks already exists
2018-01-07 18:48:44,245 INFO Got tasks for author Rafayel#0501 from database
2018-01-07 18:50:16,278 INFO Connected to database Taskbot.sqlite3
2018-01-07 18:50:16,278 INFO Initialized cursor
2018-01-07 18:50:16,279 INFO Table tasks already exists
2018-01-07 18:50:22,492 INFO Got tasks for author Rafayel#0501 from database
2018-01-07 18:50:42,550 INFO Connected to database Taskbot.sqlite3
2018-01-07 18:50:42,551 INFO Initialized cursor
2018-01-07 18:50:42,551 INFO Table tasks already exists
2018-01-07 18:50:44,994 INFO Disconnected from database
2018-01-07 18:50:49,178 INFO Connected to database Taskbot.sqlite3
2018-01-07 18:50:49,179 INFO Initialized cursor
2018-01-07 18:50:49,179 INFO Table tasks already exists
2018-01-07 18:51:02,895 INFO Got tasks for author Rafayel#0501 from database
2018-01-07 19:01:25,069 INFO Disconnected from database
2018-01-07 19:01:27,313 INFO Connected to database Taskbot.sqlite3
2018-01-07 19:01:27,314 INFO Initialized cursor
2018-01-07 19:01:27,314 INFO Table tasks already exists
2018-01-07 19:01:42,440 INFO Deleted task Test for author Rafayel#0501 from database
2018-01-07 19:01:48,981 INFO Got tasks for author Rafayel#0501 from database
2018-01-07 19:02:03,520 INFO Deleted task Test2 for author Rafayel#0501 from database
2018-01-07 19:02:09,966 INFO Deleted task Test3 for author Rafayel#0501 from database
2018-01-07 19:02:15,347 INFO Deleted task test4 for author Rafayel#0501 from database
2018-01-07 19:02:24,295 INFO Got tasks for author Rafayel#0501 from database
2018-01-07 19:06:16,511 INFO Got tasks for author Rafayel#0501 from database
2018-01-07 19:10:27,313 INFO Connected to database Taskbot.sqlite3
2018-01-07 19:10:27,313 INFO Initialized cursor
2018-01-07 19:10:27,314 INFO Table tasks already exists
2018-01-07 19:20:03,135 INFO Connected to database Taskbot.sqlite3
2018-01-07 19:20:03,135 INFO Initialized cursor
2018-01-07 19:20:03,136 INFO Table tasks already exists
2018-01-07 19:39:26,925 INFO Connected to database Taskbot.sqlite3
2018-01-07 19:39:26,925 INFO Initialized cursor
2018-01-07 19:39:26,927 INFO Table tasks already exists
2018-01-07 19:43:24,769 INFO Connected to database Taskbot.sqlite3
2018-01-07 19:43:24,769 INFO Initialized cursor
2018-01-07 19:43:24,770 INFO Table tasks already exists
2018-01-07 19:45:55,578 INFO Disconnected from database
2018-01-07 19:54:29,041 INFO Connected to database Taskbot.sqlite3
2018-01-07 19:54:29,041 INFO Initialized cursor
2018-01-07 19:54:29,042 INFO Table tasks already exists
2018-01-07 20:13:02,131 INFO Connected to database Taskbot.sqlite3
2018-01-07 20:13:02,131 INFO Initialized cursor
2018-01-07 20:13:02,132 INFO Table tasks already exists
